<?xml version="1.0" encoding="UTF-8"?>
<!-- Generated by org.testng.reporters.JUnitReportReporter -->
<testsuite hostname="mayankrusia" failures="0" tests="1" name="Textboxes.Test1" time="33.391" errors="0" timestamp="2024-02-07T15:33:27 IST" skipped="0">
  <testcase classname="Textboxes.Test1" name="test" time="33.391"/>
</testsuite> <!-- Textboxes.Test1 -->
